  stdafx.cpp
  FileStatusDlg.cpp
  InitializeDlg.cpp
  JoinDlg.cpp
  LeaveDlg.cpp
  LookupDlg.cpp
  MainFrm.cpp
  NodeStatusDlg.cpp
  WCHORD.cpp
  WCHORDDoc.cpp
C:\Users\Ji Sang-joon\Desktop\포토폴리오 자료\내 문서\2014년 2학기.vol1\컴퓨터공학프로젝트\일반과제\산출물\(Window MFC) WCHORD\WCHORDDoc.cpp(76,14): warning C4996: 'inet_ntoa': Use inet_ntop() or InetNtop() instead or define _WINSOCK_DEPRECATED_NO_WARNINGS to disable deprecated API warnings
C:\Users\Ji Sang-joon\Desktop\포토폴리오 자료\내 문서\2014년 2학기.vol1\컴퓨터공학프로젝트\일반과제\산출물\(Window MFC) WCHORD\WCHORDDoc.cpp(113,4): warning C4996: 'itoa': The POSIX name for this item is deprecated. Instead, use the ISO C and C++ conformant name: _itoa. See online help for details.
C:\Users\Ji Sang-joon\Desktop\포토폴리오 자료\내 문서\2014년 2학기.vol1\컴퓨터공학프로젝트\일반과제\산출물\(Window MFC) WCHORD\WCHORDDoc.cpp(130,5): warning C4996: 'strcpy': This function or variable may be unsafe. Consider using strcpy_s instead. To disable deprecation, use _CRT_SECURE_NO_WARNINGS. See online help for details.
C:\Users\Ji Sang-joon\Desktop\포토폴리오 자료\내 문서\2014년 2학기.vol1\컴퓨터공학프로젝트\일반과제\산출물\(Window MFC) WCHORD\WCHORDDoc.cpp(150,4): warning C4996: 'inet_ntoa': Use inet_ntop() or InetNtop() instead or define _WINSOCK_DEPRECATED_NO_WARNINGS to disable deprecated API warnings
C:\Users\Ji Sang-joon\Desktop\포토폴리오 자료\내 문서\2014년 2학기.vol1\컴퓨터공학프로젝트\일반과제\산출물\(Window MFC) WCHORD\WCHORDDoc.cpp(234,12): warning C4244: '인수': 'time_t'에서 'unsigned int'(으)로 변환하면서 데이터가 손실될 수 있습니다.
C:\Users\Ji Sang-joon\Desktop\포토폴리오 자료\내 문서\2014년 2학기.vol1\컴퓨터공학프로젝트\일반과제\산출물\(Window MFC) WCHORD\WCHORDDoc.cpp(351,10): warning C4552: '-': 식의 결과가 사용되지 않습니다.
C:\Users\Ji Sang-joon\Desktop\포토폴리오 자료\내 문서\2014년 2학기.vol1\컴퓨터공학프로젝트\일반과제\산출물\(Window MFC) WCHORD\WCHORDDoc.cpp(426,3): warning C4996: 'inet_ntoa': Use inet_ntop() or InetNtop() instead or define _WINSOCK_DEPRECATED_NO_WARNINGS to disable deprecated API warnings
C:\Users\Ji Sang-joon\Desktop\포토폴리오 자료\내 문서\2014년 2학기.vol1\컴퓨터공학프로젝트\일반과제\산출물\(Window MFC) WCHORD\WCHORDDoc.cpp(535,6): warning C4101: 'i' :참조되지 않은 지역 변수입니다.
C:\Users\Ji Sang-joon\Desktop\포토폴리오 자료\내 문서\2014년 2학기.vol1\컴퓨터공학프로젝트\일반과제\산출물\(Window MFC) WCHORD\WCHORDDoc.cpp(986,128): warning C4996: 'inet_ntoa': Use inet_ntop() or InetNtop() instead or define _WINSOCK_DEPRECATED_NO_WARNINGS to disable deprecated API warnings
C:\Users\Ji Sang-joon\Desktop\포토폴리오 자료\내 문서\2014년 2학기.vol1\컴퓨터공학프로젝트\일반과제\산출물\(Window MFC) WCHORD\WCHORDDoc.cpp(995,101): warning C4996: 'inet_ntoa': Use inet_ntop() or InetNtop() instead or define _WINSOCK_DEPRECATED_NO_WARNINGS to disable deprecated API warnings
C:\Users\Ji Sang-joon\Desktop\포토폴리오 자료\내 문서\2014년 2학기.vol1\컴퓨터공학프로젝트\일반과제\산출물\(Window MFC) WCHORD\WCHORDDoc.cpp(1011,110): warning C4996: 'inet_ntoa': Use inet_ntop() or InetNtop() instead or define _WINSOCK_DEPRECATED_NO_WARNINGS to disable deprecated API warnings
C:\Users\Ji Sang-joon\Desktop\포토폴리오 자료\내 문서\2014년 2학기.vol1\컴퓨터공학프로젝트\일반과제\산출물\(Window MFC) WCHORD\WCHORDDoc.cpp(974,6): warning C4101: 'nSelected' :참조되지 않은 지역 변수입니다.
C:\Users\Ji Sang-joon\Desktop\포토폴리오 자료\내 문서\2014년 2학기.vol1\컴퓨터공학프로젝트\일반과제\산출물\(Window MFC) WCHORD\WCHORDDoc.cpp(1059,21): warning C4996: 'inet_ntoa': Use inet_ntop() or InetNtop() instead or define _WINSOCK_DEPRECATED_NO_WARNINGS to disable deprecated API warnings
C:\Users\Ji Sang-joon\Desktop\포토폴리오 자료\내 문서\2014년 2학기.vol1\컴퓨터공학프로젝트\일반과제\산출물\(Window MFC) WCHORD\WCHORDDoc.cpp(1097,47): warning C4996: 'inet_ntoa': Use inet_ntop() or InetNtop() instead or define _WINSOCK_DEPRECATED_NO_WARNINGS to disable deprecated API warnings
  WCHORDView.cpp
C:\Users\Ji Sang-joon\Desktop\포토폴리오 자료\내 문서\2014년 2학기.vol1\컴퓨터공학프로젝트\일반과제\산출물\(Window MFC) WCHORD\WCHORDView.cpp(243,9): warning C4101: 'j' :참조되지 않은 지역 변수입니다.
C:\Users\Ji Sang-joon\Desktop\포토폴리오 자료\내 문서\2014년 2학기.vol1\컴퓨터공학프로젝트\일반과제\산출물\(Window MFC) WCHORD\WCHORDView.cpp(341,4): warning C4996: 'inet_ntoa': Use inet_ntop() or InetNtop() instead or define _WINSOCK_DEPRECATED_NO_WARNINGS to disable deprecated API warnings
  코드를 생성하고 있습니다...
  WCHORD.vcxproj -> C:\Users\Ji Sang-joon\Desktop\포토폴리오 자료\내 문서\2014년 2학기.vol1\컴퓨터공학프로젝트\일반과제\산출물\(Window MFC) WCHORD\Debug\WCHORD.exe
